  The Video_Game Structure.c
d:\users\paludo\documents\visual studio 2015\projects\w10 lab\exercise 6\the video_game structure.c(40): warning C4305: '=': truncation from 'double' to 'float'
d:\users\paludo\documents\visual studio 2015\projects\w10 lab\exercise 6\the video_game structure.c(50): warning C4305: '=': truncation from 'double' to 'float'
d:\users\paludo\documents\visual studio 2015\projects\w10 lab\exercise 6\the video_game structure.c(60): warning C4305: '=': truncation from 'double' to 'float'
d:\users\paludo\documents\visual studio 2015\projects\w10 lab\exercise 6\the video_game structure.c(36): warning C4996: 'sprintf': This function or variable may be unsafe. Consider using sprintf_s instead. To disable deprecation, use _CRT_SECURE_NO_WARNINGS. See online help for details.
  c:\program files (x86)\windows kits\10\include\10.0.10240.0\ucrt\stdio.h(1769): note: see declaration of 'sprintf'
d:\users\paludo\documents\visual studio 2015\projects\w10 lab\exercise 6\the video_game structure.c(37): warning C4996: 'sprintf': This function or variable may be unsafe. Consider using sprintf_s instead. To disable deprecation, use _CRT_SECURE_NO_WARNINGS. See online help for details.
  c:\program files (x86)\windows kits\10\include\10.0.10240.0\ucrt\stdio.h(1769): note: see declaration of 'sprintf'
d:\users\paludo\documents\visual studio 2015\projects\w10 lab\exercise 6\the video_game structure.c(38): warning C4996: 'sprintf': This function or variable may be unsafe. Consider using sprintf_s instead. To disable deprecation, use _CRT_SECURE_NO_WARNINGS. See online help for details.
  c:\program files (x86)\windows kits\10\include\10.0.10240.0\ucrt\stdio.h(1769): note: see declaration of 'sprintf'
d:\users\paludo\documents\visual studio 2015\projects\w10 lab\exercise 6\the video_game structure.c(39): warning C4996: 'sprintf': This function or variable may be unsafe. Consider using sprintf_s instead. To disable deprecation, use _CRT_SECURE_NO_WARNINGS. See online help for details.
  c:\program files (x86)\windows kits\10\include\10.0.10240.0\ucrt\stdio.h(1769): note: see declaration of 'sprintf'
d:\users\paludo\documents\visual studio 2015\projects\w10 lab\exercise 6\the video_game structure.c(46): warning C4996: 'sprintf': This function or variable may be unsafe. Consider using sprintf_s instead. To disable deprecation, use _CRT_SECURE_NO_WARNINGS. See online help for details.
  c:\program files (x86)\windows kits\10\include\10.0.10240.0\ucrt\stdio.h(1769): note: see declaration of 'sprintf'
d:\users\paludo\documents\visual studio 2015\projects\w10 lab\exercise 6\the video_game structure.c(47): warning C4996: 'sprintf': This function or variable may be unsafe. Consider using sprintf_s instead. To disable deprecation, use _CRT_SECURE_NO_WARNINGS. See online help for details.
  c:\program files (x86)\windows kits\10\include\10.0.10240.0\ucrt\stdio.h(1769): note: see declaration of 'sprintf'
d:\users\paludo\documents\visual studio 2015\projects\w10 lab\exercise 6\the video_game structure.c(48): warning C4996: 'sprintf': This function or variable may be unsafe. Consider using sprintf_s instead. To disable deprecation, use _CRT_SECURE_NO_WARNINGS. See online help for details.
  c:\program files (x86)\windows kits\10\include\10.0.10240.0\ucrt\stdio.h(1769): note: see declaration of 'sprintf'
d:\users\paludo\documents\visual studio 2015\projects\w10 lab\exercise 6\the video_game structure.c(49): warning C4996: 'sprintf': This function or variable may be unsafe. Consider using sprintf_s instead. To disable deprecation, use _CRT_SECURE_NO_WARNINGS. See online help for details.
  c:\program files (x86)\windows kits\10\include\10.0.10240.0\ucrt\stdio.h(1769): note: see declaration of 'sprintf'
d:\users\paludo\documents\visual studio 2015\projects\w10 lab\exercise 6\the video_game structure.c(56): warning C4996: 'sprintf': This function or variable may be unsafe. Consider using sprintf_s instead. To disable deprecation, use _CRT_SECURE_NO_WARNINGS. See online help for details.
  c:\program files (x86)\windows kits\10\include\10.0.10240.0\ucrt\stdio.h(1769): note: see declaration of 'sprintf'
d:\users\paludo\documents\visual studio 2015\projects\w10 lab\exercise 6\the video_game structure.c(57): warning C4996: 'sprintf': This function or variable may be unsafe. Consider using sprintf_s instead. To disable deprecation, use _CRT_SECURE_NO_WARNINGS. See online help for details.
  c:\program files (x86)\windows kits\10\include\10.0.10240.0\ucrt\stdio.h(1769): note: see declaration of 'sprintf'
d:\users\paludo\documents\visual studio 2015\projects\w10 lab\exercise 6\the video_game structure.c(58): warning C4996: 'sprintf': This function or variable may be unsafe. Consider using sprintf_s instead. To disable deprecation, use _CRT_SECURE_NO_WARNINGS. See online help for details.
  c:\program files (x86)\windows kits\10\include\10.0.10240.0\ucrt\stdio.h(1769): note: see declaration of 'sprintf'
d:\users\paludo\documents\visual studio 2015\projects\w10 lab\exercise 6\the video_game structure.c(59): warning C4996: 'sprintf': This function or variable may be unsafe. Consider using sprintf_s instead. To disable deprecation, use _CRT_SECURE_NO_WARNINGS. See online help for details.
  c:\program files (x86)\windows kits\10\include\10.0.10240.0\ucrt\stdio.h(1769): note: see declaration of 'sprintf'
  Exercise 6.vcxproj -> d:\users\paludo\documents\visual studio 2015\Projects\W10 Lab\Debug\Exercise 6.exe
